<?xml version="1.0" encoding="UTF-8"?>
<testng-results ignored="0" total="1" passed="1" failed="0" skipped="0">
  <reporter-output>
  </reporter-output>
  <suite started-at="2023-09-05T12:09:17 IST" name="Default suite" finished-at="2023-09-05T12:09:25 IST" duration-ms="8373">
    <groups>
    </groups>
    <test started-at="2023-09-05T12:09:17 IST" name="Default test" finished-at="2023-09-05T12:09:25 IST" duration-ms="8373">
      <class name="testScript.Login">
        <test-method signature="loginTest()[pri:0, instance:testScript.Login@942a29c]" started-at="2023-09-05T12:09:17 IST" name="loginTest" finished-at="2023-09-05T12:09:25 IST" duration-ms="8340" status="PASS">
          <reporter-output>
          </reporter-output>
        </test-method> <!-- loginTest -->
      </class> <!-- testScript.Login -->
    </test> <!-- Default test -->
  </suite> <!-- Default suite -->
</testng-results>
